SF:/home/mosum/projects/ecosystem/pkgs/firehose/lib/src/changelog.dart
DA:12,2
DA:14,6
DA:16,1
DA:17,1
DA:23,1
DA:25,1
DA:28,1
DA:34,1
DA:35,1
DA:37,5
DA:40,2
DA:41,2
DA:42,7
DA:45,2
DA:46,2
DA:50,12
DA:51,2
DA:54,2
DA:56,4
DA:63,1
DA:64,1
DA:65,2
DA:66,1
DA:68,1
DA:76,2
LF:25
LH:25
end_of_record
SF:/home/mosum/projects/ecosystem/pkgs/firehose/lib/src/github.dart
DA:13,2
DA:20,1
DA:22,0
DA:25,3
DA:28,0
DA:31,0
DA:32,0
DA:35,0
DA:38,0
DA:41,0
DA:46,0
DA:48,0
DA:56,0
DA:57,0
DA:59,0
DA:63,0
DA:64,0
DA:68,0
DA:69,0
DA:71,0
DA:72,0
DA:74,0
DA:75,0
DA:76,0
DA:77,0
DA:81,0
DA:82,0
DA:84,0
DA:85,0
DA:86,0
DA:87,0
DA:91,0
DA:92,0
DA:93,0
DA:94,0
DA:95,0
DA:96,0
DA:98,0
DA:100,0
DA:102,0
DA:106,0
DA:107,0
DA:109,0
DA:110,0
DA:111,0
DA:112,0
DA:116,0
DA:117,0
DA:118,0
DA:119,0
DA:123,0
DA:124,0
DA:126,0
DA:127,0
DA:129,0
DA:130,0
DA:131,0
DA:137,0
DA:139,0
DA:140,0
DA:141,0
DA:142,0
DA:144,0
DA:145,0
DA:151,0
DA:157,0
DA:158,0
DA:162,0
DA:163,0
DA:165,0
DA:166,0
DA:167,0
DA:169,0
DA:170,0
DA:179,0
DA:181,0
DA:182,0
DA:183,0
DA:184,0
DA:186,0
DA:187,0
DA:190,0
DA:191,0
DA:192,0
DA:195,0
DA:196,0
DA:197,0
DA:198,0
DA:200,0
DA:202,0
DA:203,0
DA:204,0
DA:208,0
DA:209,0
DA:213,0
DA:214,0
DA:221,0
DA:223,0
DA:224,0
LF:99
LH:3
end_of_record
SF:/home/mosum/projects/ecosystem/pkgs/firehose/lib/src/repo.dart
DA:17,1
DA:18,1
DA:19,2
DA:23,2
DA:24,6
DA:37,1
DA:38,3
DA:41,1
DA:42,3
DA:44,1
DA:45,2
DA:46,1
DA:47,1
DA:48,2
DA:51,0
DA:52,0
DA:53,0
DA:54,0
DA:62,1
DA:63,1
DA:64,3
DA:66,0
DA:70,1
DA:71,1
DA:72,4
DA:73,2
DA:74,3
DA:75,1
DA:85,1
DA:86,3
DA:87,6
DA:90,3
DA:92,3
DA:94,0
DA:96,0
LF:35
LH:28
end_of_record
SF:/home/mosum/projects/ecosystem/pkgs/firehose/lib/src/pubspec.dart
DA:15,2
DA:16,8
DA:17,6
DA:21,6
DA:26,6
DA:30,0
LF:6
LH:5
end_of_record
SF:/home/mosum/projects/ecosystem/pkgs/firehose/lib/src/utils.dart
DA:13,0
DA:18,0
DA:20,0
DA:23,0
DA:26,0
DA:27,0
DA:28,0
DA:29,0
DA:30,0
DA:31,0
DA:32,0
DA:33,0
DA:35,0
DA:39,2
DA:40,1
DA:42,3
DA:46,1
DA:48,2
DA:50,1
DA:51,3
DA:52,1
DA:55,1
DA:56,3
DA:58,1
DA:60,3
DA:61,1
DA:64,0
DA:65,0
DA:70,0
DA:77,0
DA:82,0
DA:84,0
LF:32
LH:13
end_of_record
SF:/home/mosum/projects/ecosystem/pkgs/firehose/lib/src/pub.dart
DA:12,3
DA:14,1
DA:16,4
DA:17,2
DA:21,2
DA:22,1
DA:23,1
DA:26,1
DA:27,2
LF:9
LH:9
end_of_record
